# JRE version: OpenJDK Runtime Environment (19.0.2+7) (build 19.0.2+7-44)
# Java VM: OpenJDK 64-Bit Server VM (19.0.2+7-44, mixed mode, sharing, tiered, compressed oops, compressed class ptrs, g1 gc, windows-amd64)
GC Precious Log:
 CardTable entry size: 512
 Card Set container configuration: InlinePtr #cards 5 size 8 Array Of Cards #cards 12 size 40 Howl #buckets 4 coarsen threshold 1843 Howl Bitmap #cards 512 size 80 coarsen threshold 460 Card regions per heap region 1 cards per card region 2048
 CPUs: 4 total, 4 available
 Memory: 8090M
 Large Page Support: Disabled
 NUMA Support: Disabled
 Compressed Oops: Enabled (32-bit)
 Heap Region Size: 1M
 Heap Min Capacity: 8M
 Heap Initial Capacity: 128M
 Heap Max Capacity: 2G
 Pre-touch: Disabled
 Parallel Workers: 4
 Concurrent Workers: 1
 Concurrent Refinement Workers: 4
 Periodic GC: Disabled
Heap:
 garbage-first heap   total 333824K, used 273408K [0x0000000080000000, 0x0000000100000000)
  region size 1024K, 125 young (128000K), 2 survivors (2048K)
 Metaspace       used 138680K, committed 140864K, reserved 1179648K
  class space    used 17576K, committed 18752K, reserved 1048576K
GC Heap History (20 events):
Event: 43.205 GC heap before
{Heap before GC invocations=28 (full 0):
 garbage-first heap   total 184320K, used 144721K [0x0000000080000000, 0x0000000100000000)
  region size 1024K, 58 young (59392K), 7 survivors (7168K)
 Metaspace       used 83560K, committed 85440K, reserved 1179648K
  class space    used 11209K, committed 12224K, reserved 1048576K
}
Event: 43.230 GC heap after
{Heap after GC invocations=29 (full 0):
 garbage-first heap   total 184320K, used 96256K [0x0000000080000000, 0x0000000100000000)
  region size 1024K, 4 young (4096K), 4 survivors (4096K)
 Metaspace       used 83560K, committed 85440K, reserved 1179648K
  class space    used 11209K, committed 12224K, reserved 1048576K
}
Event: 43.355 GC heap before
{Heap before GC invocations=29 (full 0):
 garbage-first heap   total 184320K, used 101376K [0x0000000080000000, 0x0000000100000000)
  region size 1024K, 9 young (9216K), 4 survivors (4096K)
 Metaspace       used 83804K, committed 85760K, reserved 1179648K
  class space    used 11256K, committed 12288K, reserved 1048576K
}
Event: 43.369 GC heap after
{Heap after GC invocations=30 (full 0):
 garbage-first heap   total 333824K, used 97078K [0x0000000080000000, 0x0000000100000000)
  region size 1024K, 1 young (1024K), 1 survivors (1024K)
 Metaspace       used 83804K, committed 85760K, reserved 1179648K
  class space    used 11256K, committed 12288K, reserved 1048576K
}
Event: 49.366 GC heap before
{Heap before GC invocations=30 (full 0):
 garbage-first heap   total 333824K, used 279350K [0x0000000080000000, 0x0000000100000000)
  region size 1024K, 156 young (159744K), 1 survivors (1024K)
 Metaspace       used 94076K, committed 96000K, reserved 1179648K
  class space    used 12327K, committed 13312K, reserved 1048576K
}
Event: 49.396 GC heap after
{Heap after GC invocations=31 (full 0):
 garbage-first heap   total 333824K, used 107408K [0x0000000080000000, 0x0000000100000000)
  region size 1024K, 11 young (11264K), 11 survivors (11264K)
 Metaspace       used 94076K, committed 96000K, reserved 1179648K
  class space    used 12327K, committed 13312K, reserved 1048576K
}
Event: 54.517 GC heap before
{Heap before GC invocations=31 (full 0):
 garbage-first heap   total 333824K, used 269200K [0x0000000080000000, 0x0000000100000000)
  region size 1024K, 170 young (174080K), 11 survivors (11264K)
 Metaspace       used 100530K, committed 102464K, reserved 1179648K
  class space    used 13069K, committed 14080K, reserved 1048576K
}
Event: 54.556 GC heap after
{Heap after GC invocations=32 (full 0):
 garbage-first heap   total 333824K, used 111551K [0x0000000080000000, 0x0000000100000000)
  region size 1024K, 15 young (15360K), 15 survivors (15360K)
 Metaspace       used 100530K, committed 102464K, reserved 1179648K
  class space    used 13069K, committed 14080K, reserved 1048576K
}
Event: 99.370 GC heap before
{Heap before GC invocations=32 (full 0):
 garbage-first heap   total 333824K, used 268223K [0x0000000080000000, 0x0000000100000000)
  region size 1024K, 167 young (171008K), 15 survivors (15360K)
 Metaspace       used 113767K, committed 115904K, reserved 1179648K
  class space    used 14671K, committed 15808K, reserved 1048576K
}
Event: 99.422 GC heap after
{Heap after GC invocations=33 (full 0):
 garbage-first heap   total 333824K, used 129070K [0x0000000080000000, 0x0000000100000000)
  region size 1024K, 16 young (16384K), 16 survivors (16384K)
 Metaspace       used 113767K, committed 115904K, reserved 1179648K
  class space    used 14671K, committed 15808K, reserved 1048576K
}
Event: 105.705 GC heap before
{Heap before GC invocations=33 (full 0):
 garbage-first heap   total 333824K, used 265262K [0x0000000080000000, 0x0000000100000000)
  region size 1024K, 148 young (151552K), 16 survivors (16384K)
 Metaspace       used 129221K, committed 131392K, reserved 1179648K
  class space    used 16627K, committed 17792K, reserved 1048576K
}
Event: 105.740 GC heap after
{Heap after GC invocations=34 (full 0):
 garbage-first heap   total 333824K, used 132096K [0x0000000080000000, 0x0000000100000000)
  region size 1024K, 9 young (9216K), 9 survivors (9216K)
 Metaspace       used 129221K, committed 131392K, reserved 1179648K
  class space    used 16627K, committed 17792K, reserved 1048576K
}
Event: 263.857 GC heap before
{Heap before GC invocations=34 (full 0):
 garbage-first heap   total 333824K, used 281600K [0x0000000080000000, 0x0000000100000000)
  region size 1024K, 140 young (143360K), 9 survivors (9216K)
 Metaspace       used 137373K, committed 139584K, reserved 1179648K
  class space    used 17556K, committed 18752K, reserved 1048576K
}
Event: 263.887 GC heap after
{Heap after GC invocations=35 (full 0):
 garbage-first heap   total 333824K, used 143242K [0x0000000080000000, 0x0000000100000000)
  region size 1024K, 18 young (18432K), 18 survivors (18432K)
 Metaspace       used 137373K, committed 139584K, reserved 1179648K
  class space    used 17556K, committed 18752K, reserved 1048576K
}
Event: 6502.819 GC heap before
{Heap before GC invocations=35 (full 0):
 garbage-first heap   total 333824K, used 277386K [0x0000000080000000, 0x0000000100000000)
  region size 1024K, 135 young (138240K), 18 survivors (18432K)
 Metaspace       used 137797K, committed 140032K, reserved 1179648K
  class space    used 17566K, committed 18752K, reserved 1048576K
}
Event: 6502.851 GC heap after
{Heap after GC invocations=36 (full 0):
 garbage-first heap   total 333824K, used 129748K [0x0000000080000000, 0x0000000100000000)
  region size 1024K, 2 young (2048K), 2 survivors (2048K)
 Metaspace       used 137797K, committed 140032K, reserved 1179648K
  class space    used 17566K, committed 18752K, reserved 1048576K
}
Event: 6847.626 GC heap before
{Heap before GC invocations=36 (full 0):
 garbage-first heap   total 333824K, used 271060K [0x0000000080000000, 0x0000000100000000)
  region size 1024K, 139 young (142336K), 2 survivors (2048K)
 Metaspace       used 138149K, committed 140416K, reserved 1179648K
  class space    used 17572K, committed 18752K, reserved 1048576K
}
Event: 6847.730 GC heap after
{Heap after GC invocations=37 (full 0):
 garbage-first heap   total 333824K, used 147020K [0x0000000080000000, 0x0000000100000000)
  region size 1024K, 18 young (18432K), 18 survivors (18432K)
 Metaspace       used 138149K, committed 140416K, reserved 1179648K
  class space    used 17572K, committed 18752K, reserved 1048576K
}
Event: 7221.037 GC heap before
{Heap before GC invocations=37 (full 0):
 garbage-first heap   total 333824K, used 288332K [0x0000000080000000, 0x0000000100000000)
  region size 1024K, 130 young (133120K), 18 survivors (18432K)
 Metaspace       used 138428K, committed 140608K, reserved 1179648K
  class space    used 17574K, committed 18752K, reserved 1048576K
}
Event: 7221.063 GC heap after
{Heap after GC invocations=38 (full 0):
 garbage-first heap   total 333824K, used 132096K [0x0000000080000000, 0x0000000100000000)
  region size 1024K, 2 young (2048K), 2 survivors (2048K)
 Metaspace       used 138428K, committed 140608K, reserved 1179648K
  class space    used 17574K, committed 18752K, reserved 1048576K
}

